<?xml version="1.0" encoding="utf-8"?><testsuites name="pytest tests"><testsuite name="pytest" errors="2" failures="7" skipped="0" tests="532" time="56.895" timestamp="2026-07-19T19:01:37.958547+01:00" hostname="Theophilus"><testcase classname="tests.test_access" name="test_access_control" time="0.001" /><testcase classname="tests.test_access_tier_cache" name="test_resolve_user_tier_uses_cache" time="0.004" /><testcase classname="tests.test_admin_pulse_delivery_count" name="test_admin_pulse_counts_only_confirmed_deliveries" time="0.002"><failure message="assert 'FROM signal_deliveries WHERE delivered_at &gt;= :since AND sent_ok IS TRUE' in '&quot;&quot;&quot;\nengine/admin_pulse.py\n\nHourly admin pulse that computes engine health summary, including shadow regret\nmetric...&quot;[admin_pulse] weekly scheduling check error&quot;, exc_info=True)\n\n        await asyncio.sleep(max(60, int(interval)))\n'">tests\test_admin_pulse_delivery_count.py:7: in test_admin_pulse_counts_only_confirmed_deliveries
    assert "FROM signal_deliveries WHERE delivered_at &gt;= :since AND sent_ok IS TRUE" in source
E   assert 'FROM signal_deliveries WHERE delivered_at &gt;= :since AND sent_ok IS TRUE' in '"""\nengine/admin_pulse.py\n\nHourly admin pulse that computes engine health summary, including shadow regret\nmetric..."[admin_pulse] weekly scheduling check error", exc_info=True)\n\n        await asyncio.sleep(max(60, int(interval)))\n'</failure></testcase><testcase classname="tests.test_backtest_wfo" name="test_backtest_and_wfo_basic" time="2.580" /><testcase classname="tests.test_backtest_wfo" name="test_wfo_with_dummy_train_callback" time="0.005" /><testcase classname="tests.test_broker_permission_validation" name="test_broker_permission_validation_rejects_withdrawal_enabled_key" time="0.011" /><testcase classname="tests.test_broker_permission_validation" name="test_broker_permission_validation_accepts_trade_only_key" time="0.007" /><testcase classname="tests.test_broker_permission_validation" name="test_broker_permission_validation_rejects_transfer_permission_string" time="0.007" /><testcase classname="tests.test_broker_permission_validation" name="test_exchange_link_requires_encryption_key" time="0.017" /><testcase classname="tests.test_broker_permission_validation" name="test_exchange_link_stores_masked_encrypted_credentials" time="0.066" /><testcase classname="tests.test_bypass_rotation" name="test_unlock_invalidates_when_bypass_key_rotates" time="0.001" /><testcase classname="tests.test_callback_handler" name="test_signal_keyboards_use_telegram_safe_callback_data" time="0.001" /><testcase classname="tests.test_callback_handler" name="test_global_callback_handler_routing" time="0.006" /><testcase classname="tests.test_callback_handler" name="test_button_click_handler_routes_nav_execution" time="0.003" /><testcase classname="tests.test_codex_governance_and_asset_locks" name="test_local_codex_recommendations_flag_duplicate_and_weak_win_rate" time="0.003" /><testcase classname="tests.test_codex_governance_and_asset_locks" name="test_codex_audit_command_uses_local_governance_review" time="0.009" /><testcase classname="tests.test_codex_governance_and_asset_locks" name="test_asset_lock_and_quarantine_wiring_present" time="0.008" /><testcase classname="tests.test_codex_governance_and_asset_locks" name="test_asyncpg_runtime_state_writes_use_cast_not_bind_colon_cast" time="0.003" /><testcase classname="tests.test_codex_governance_and_asset_locks" name="test_uncalibrated_perfect_score_is_display_capped" time="0.001" /><testcase classname="tests.test_codex_governance_and_asset_locks" name="test_asset_position_manager_state_contract" time="0.004" /><testcase classname="tests.test_codex_governance_and_asset_locks" name="test_railway_dump_analyzer_reports_same_asset_duplicates" time="0.010"><error message="failed on setup with &quot;PermissionError: [WinError 5] Access is denied: 'C:\\Users\\sammm\\AppData\\Local\\Temp\\pytest-of-Theophilus'&quot;">..\..\AppData\Roaming\Python\Python313\site-packages\pytest_asyncio\plugin.py:926: in pytest_fixture_setup
    return (yield)
            ^^^^^
E   PermissionError: [WinError 5] Access is denied: 'C:\\Users\\sammm\\AppData\\Local\\Temp\\pytest-of-Theophilus'</error></testcase><testcase classname="tests.test_command_contracts" name="test_upgrade_message_escapes_markdown_pipe" time="0.005" /><testcase classname="tests.test_command_contracts" name="test_tiers_command_uses_live_pricing_envs" time="0.004" /><testcase classname="tests.test_command_contracts" name="test_buy_extra_signals_removed_from_command_access" time="0.002" /><testcase classname="tests.test_command_contracts" name="test_signal_action_keyboard_omits_dead_callbacks_without_signal_id" time="0.001" /><testcase classname="tests.test_command_contracts" name="test_gemini_audit_command_uses_session_and_helper" time="0.005" /><testcase classname="tests.test_command_tier_contract.TestTierHelpContract" name="test_help_required_tier_can_access_all_commands_on_page" time="0.002" /><testcase classname="tests.test_command_tier_contract.TestTierHelpContract" name="test_help_surface_commands_exist_in_command_tiers" time="0.001" /><testcase classname="tests.test_command_tier_contract.TestTierHelpContract" name="test_help_surface_commands_have_bot_handlers" time="0.013"><failure message="AssertionError: ['admin_payment_lookup', 'admin_receipt_lookup', 'shadow_report', 'signal_quality', 'strategy_leaderboard', 'winrate'] is not false : /help lists commands without bot handlers: ['admin_payment_lookup', 'admin_receipt_lookup', 'shadow_report', 'signal_quality', 'strategy_leaderboard', 'winrate']">tests\test_command_tier_contract.py:62: in test_help_surface_commands_have_bot_handlers
    self.assertFalse(missing, msg=f"/help lists commands without bot handlers: {missing}")
E   AssertionError: ['admin_payment_lookup', 'admin_receipt_lookup', 'shadow_report', 'signal_quality', 'strategy_leaderboard', 'winrate'] is not false : /help lists commands without bot handlers: ['admin_payment_lookup', 'admin_receipt_lookup', 'shadow_report', 'signal_quality', 'strategy_leaderboard', 'winrate']</failure></testcase><testcase classname="tests.test_command_tier_contract.TestTierHelpContract" name="test_hidden_commands_are_not_in_paginated_help_surface" time="0.002" /><testcase classname="tests.test_connectors.TestConnectorsAndValidators" name="test_binance_adapter_with_mocked_requests" time="0.022" /><testcase classname="tests.test_connectors.TestConnectorsAndValidators" name="test_coinbase_adapter_parses_public_candles" time="0.003" /><testcase classname="tests.test_connectors.TestConnectorsAndValidators" name="test_kraken_adapter_parses_public_candles" time="0.006" /><testcase classname="tests.test_connectors.TestConnectorsAndValidators" name="test_okx_adapter_parses_public_candles" time="0.005" /><testcase classname="tests.test_connectors.TestConnectorsAndValidators" name="test_validate_candles" time="0.001" /><testcase classname="tests.test_connectors.TestConnectorsAndValidators" name="test_yfinance_adapter_with_mocked_history" time="0.006" /><testcase classname="tests.test_connectors_providers.TestProviderAdapters" name="test_polygon_adapter_parses_results" time="0.003" /><testcase classname="tests.test_connectors_providers.TestProviderAdapters" name="test_twelvedata_adapter_parses_values" time="0.003" /><testcase classname="tests.test_connectors_providers.TestProviderAdapters" name="test_twelvedata_cooldown_on_quota_message" time="0.006" /><testcase classname="tests.test_container_startup_cmd" name="test_railway_json_startCommand_not_leading_assignment" time="0.001" /><testcase classname="tests.test_container_startup_cmd" name="test_nixpacks_toml_start_cmd_not_leading_assignment" time="0.001" /><testcase classname="tests.test_decision_intelligence" name="test_build_decision_record_contains_required_audit_sections" time="0.001" /><testcase classname="tests.test_decision_intelligence" name="test_persist_decision_record_delegates_to_repository" time="0.003" /><testcase classname="tests.test_delivery_freshness" name="test_five_minute_signal_nearly_five_hours_old_is_rejected" time="0.009" /><testcase classname="tests.test_delivery_freshness" name="test_opportunity_decay_blocks_late_short_timeframe_signal" time="0.001" /><testcase classname="tests.test_delivery_freshness" name="test_day_signal_with_enough_remaining_opportunity_is_allowed" time="0.001" /><testcase classname="tests.test_delivery_freshness" name="test_delivery_freshness_fails_closed_when_live_price_unavailable" time="0.006" /><testcase classname="tests.test_delivery_freshness" name="test_delivery_freshness_accepts_fresh_revalidated_signal" time="0.004" /><testcase classname="tests.test_delivery_freshness" name="test_delivery_freshness_rejects_excess_entry_drift" time="0.003" /><testcase classname="tests.test_delivery_freshness" name="test_delivery_freshness_rejects_current_rr_that_decayed" time="0.003" /><testcase classname="tests.test_delivery_limit_guard" name="test_record_signal_delivery_has_central_tier_daily_limit_guard" time="0.003" /><testcase classname="tests.test_delivery_limit_guard" name="test_tier_daily_limits_match_product_defaults" time="0.002" /><testcase classname="tests.test_delivery_limit_guard" name="test_partial_tp_states_do_not_resolve_delivery_dedupe" time="0.003" /><testcase classname="tests.test_delivery_limit_guard" name="test_same_asset_cooldown_is_asset_wide_and_at_least_12h" time="0.003" /><testcase classname="tests.test_delivery_limit_guard" name="test_inflight_delivery_reservation_blocks_duplicate_send_attempts" time="0.003" /><testcase classname="tests.test_delivery_outcome_news_hardening" name="test_every_signal_success_path_requires_telegram_proof" time="0.010" /><testcase classname="tests.test_delivery_outcome_news_hardening" name="test_owner_delivery_debug_and_signal_supersession_are_registered" time="0.014" /><testcase classname="tests.test_delivery_outcome_news_hardening" name="test_excursion_tracker_preserves_best_and_worst_prices" time="0.001" /><testcase classname="tests.test_delivery_outcome_news_hardening" name="test_outcomes_preserve_partial_win_and_excursion_metadata" time="0.002" /><testcase classname="tests.test_delivery_outcome_news_hardening" name="test_vip_formatter_always_has_a_reason" time="0.001" /><testcase classname="tests.test_delivery_outcome_news_hardening" name="test_calendar_has_free_timed_feed_before_keyed_fallback" time="0.001" /><testcase classname="tests.test_delivery_outcome_news_hardening" name="test_gemini_review_uses_typed_runtime_state_storage" time="0.001" /><testcase classname="tests.test_deploy_log_regressions" name="test_optional_polygon_connector_outage_is_suppressed_by_default" time="0.001" /><testcase classname="tests.test_deploy_log_regressions" name="test_optional_provider_outage_can_be_opted_in" time="0.001" /><testcase classname="tests.test_deploy_log_regressions" name="test_provider_outage_alerts_are_staged_and_emit_recovery" time="0.001" /><testcase classname="tests.test_deploy_log_regressions" name="test_quality_rejection_reasons_map_to_admin_pulse_buckets" time="0.001" /><testcase classname="tests.test_deploy_log_regressions" name="test_cycle_rejection_reason_helpers_keep_top_reasons_compact" time="0.001" /><testcase classname="tests.test_deploy_log_regressions" name="test_provider_failure_reasons_are_recorded_for_engine_audit" time="0.001" /><testcase classname="tests.test_deploy_log_regressions" name="test_message_cleaner_removes_common_mojibake" time="0.001" /><testcase classname="tests.test_deploy_log_regressions" name="test_stats_adapter_supports_legacy_property_increment" time="0.001" /><testcase classname="tests.test_deploy_log_regressions" name="test_tradingview_validation_does_not_emit_synthetic_candle" time="0.001" /><testcase classname="tests.test_deploy_log_regressions" name="test_similarity_module_imports_and_sync_wrapper_runs" time="0.005" /><testcase classname="tests.test_deploy_log_regressions" name="test_risk_free_recipient_throttle_is_asset_direction_timeframe_scoped" time="0.003" /><testcase classname="tests.test_deploy_log_regressions" name="test_admin_pulse_uses_db_evidence_when_global_stats_are_zero" time="0.006" /><testcase classname="tests.test_deploy_log_regressions" name="test_admin_pulse_uses_latest_cycle_when_db_window_is_empty" time="0.005" /><testcase classname="tests.test_deploy_log_regressions" name="test_engine_counts_scan_attempts_before_market_data_gate" time="0.002" /><testcase classname="tests.test_deploy_log_regressions" name="test_market_data_batch_is_timeout_isolated_per_asset" time="0.002" /><testcase classname="tests.test_deploy_log_regressions" name="test_indicator_schema_aliases_support_strategy_keys" time="0.001" /><testcase classname="tests.test_deploy_log_regressions" name="test_trend_strategy_missing_ema_alias_does_not_raise" time="0.001" /><testcase classname="tests.test_deploy_log_regressions" name="test_volatility_strategy_missing_atr_does_not_raise" time="0.002" /><testcase classname="tests.test_deploy_log_regressions" name="test_strategy_modules_do_not_directly_index_market_data_payloads" time="0.007" /><testcase classname="tests.test_deploy_log_regressions" name="test_outcome_notifications_are_claimed_before_send" time="0.003" /><testcase classname="tests.test_deploy_log_regressions" name="test_weekly_admin_report_includes_real_shadow_counters" time="0.004" /><testcase classname="tests.test_dispatch_update_smoke" name="test_dispatch_update_smoke_placeholder" time="0.001" /><testcase classname="tests.test_drift_adjustment" name="test_drift_confidence_adjustment_reduces_score" time="0.003" /><testcase classname="tests.test_drift_adjustment" name="test_drift_confidence_adjustment_ignored_when_normal" time="0.002" /><testcase classname="tests.test_engine_loop.EngineLoopTests" name="test_run_once_collects_signals" time="0.059" /><testcase classname="tests.test_engine_reconciliation" name="test_counts_from_active_trades_uses_live_redis_payloads" time="0.001" /><testcase classname="tests.test_engine_reconciliation" name="test_counts_from_active_trades_ignores_bad_payloads" time="0.001" /><testcase classname="tests.test_enterprise_features.TestPaystackWebhookFlow" name="test_missing_signature_returns_400" time="0.001" /><testcase classname="tests.test_enterprise_features.TestPaystackWebhookFlow" name="test_bad_signature_returns_401" time="0.002" /><testcase classname="tests.test_enterprise_features.TestPaystackWebhookFlow" name="test_valid_signature_passes" time="0.001" /><testcase classname="tests.test_enterprise_features.TestPaystackWebhookFlow" name="test_missing_secret_returns_500" time="0.002" /><testcase classname="tests.test_enterprise_features.TestPaystackCheckoutLink" name="test_returns_url_on_success" time="2.657" /><testcase classname="tests.test_enterprise_features.TestPaystackCheckoutLink" name="test_missing_secret_returns_error" time="0.003" /><testcase classname="tests.test_enterprise_features.TestLotSizePremium" name="test_default_lot_when_unset" time="0.001" /><testcase classname="tests.test_enterprise_features.TestLotSizePremium" name="test_respects_user_lot" time="0.002" /><testcase classname="tests.test_enterprise_features.TestLotSizePremium" name="test_clamps_to_minimum" time="0.001" /><testcase classname="tests.test_enterprise_features.TestLotSizePremium" name="test_clamps_to_maximum" time="0.001" /><testcase classname="tests.test_enterprise_features.TestLotSizeVIP" name="test_basic_forex_calculation" time="0.001" /><testcase classname="tests.test_enterprise_features.TestLotSizeVIP" name="test_xauusd_calculation" time="0.002" /><testcase classname="tests.test_enterprise_features.TestLotSizeVIP" name="test_clamps_to_min_lot" time="0.001" /><testcase classname="tests.test_enterprise_features.TestLotSizeVIP" name="test_clamps_to_max_lot" time="0.001" /><testcase classname="tests.test_enterprise_features.TestLotSizeVIP" name="test_zero_balance_returns_default" time="0.001" /><testcase classname="tests.test_enterprise_features.TestPremiumExecutionLimit" name="test_under_limit_is_allowed" time="0.001" /><testcase classname="tests.test_enterprise_features.TestPremiumExecutionLimit" name="test_at_limit_is_blocked" time="0.001" /><testcase classname="tests.test_enterprise_features.TestPremiumExecutionLimit" name="test_counter_resets_on_new_day" time="0.001" /><testcase classname="tests.test_enterprise_features.TestPremiumExecutionLimit" name="test_vip_has_no_daily_limit" time="0.001" /><testcase classname="tests.test_enterprise_features.TestPremiumExecutionLimit" name="test_free_tier_blocked" time="0.003" /><testcase classname="tests.test_enterprise_features.TestSignalAutoExpiry" name="test_signal_model_has_expiry_fields" time="0.002" /><testcase classname="tests.test_enterprise_features.TestSignalAutoExpiry" name="test_expires_at_set_12h_ahead" time="0.001" /><testcase classname="tests.test_enterprise_features.TestSignalAutoExpiry" name="test_signal_model_has_order_block_field" time="0.001" /><testcase classname="tests.test_enterprise_features.TestVIPWaitlist" name="test_vip_waitlist_model_exists" time="0.001" /><testcase classname="tests.test_enterprise_features.TestVIPWaitlist" name="test_add_to_waitlist_no_engine_is_noop" time="0.005" /><testcase classname="tests.test_enterprise_features.TestReferralBonus" name="test_no_engine_is_noop" time="0.004" /><testcase classname="tests.test_enterprise_features.TestReferralBonus" name="test_missing_uid_in_event_is_noop" time="0.005" /><testcase classname="tests.test_enterprise_features.TestEconomicCalendar" name="test_non_usd_symbol_always_false" time="0.004" /><testcase classname="tests.test_enterprise_features.TestEconomicCalendar" name="test_usd_symbol_within_buffer_returns_true" time="0.004" /><testcase classname="tests.test_enterprise_features.TestEconomicCalendar" name="test_usd_symbol_outside_buffer_returns_false" time="0.004" /><testcase classname="tests.test_enterprise_features.TestFormatTicker" name="test_xauusd_yfinance" time="0.001" /><testcase classname="tests.test_enterprise_features.TestFormatTicker" name="test_btcusdt_yfinance" time="0.001" /><testcase classname="tests.test_enterprise_features.TestFormatTicker" name="test_eurusd_yfinance" time="0.001" /><testcase classname="tests.test_enterprise_features.TestFormatTicker" name="test_xauusd_binance_override" time="0.001" /><testcase classname="tests.test_enterprise_features.TestFormatTicker" name="test_eurusd_oanda" time="0.002" /><testcase classname="tests.test_enterprise_features.TestFormatTicker" name="test_xauusd_oanda" time="0.001" /><testcase classname="tests.test_enterprise_features.TestFormatTicker" name="test_unknown_symbol_passthrough" time="0.001" /><testcase classname="tests.test_enterprise_features.TestFormatTicker" name="test_empty_symbol_passthrough" time="0.001" /><testcase classname="tests.test_enterprise_features.TestDetectOrderBlocks" name="test_empty_candles_returns_false" time="0.001" /><testcase classname="tests.test_enterprise_features.TestDetectOrderBlocks" name="test_insufficient_candles_returns_false" time="0.001" /><testcase classname="tests.test_enterprise_features.TestDetectOrderBlocks" name="test_bullish_fvg_detected" time="0.001" /><testcase classname="tests.test_enterprise_features.TestDetectOrderBlocks" name="test_no_fvg_returns_false" time="0.001" /><testcase classname="tests.test_enterprise_features.TestCancellationConfirmationFlow" name="test_cancel_command_free_user_gets_info_message" time="0.007" /><testcase classname="tests.test_enterprise_features.TestCancellationConfirmationFlow" name="test_cancel_command_premium_user_shows_inline_keyboard" time="0.008" /><testcase classname="tests.test_enterprise_features.TestCancellationConfirmationFlow" name="test_cancel_command_policy_text_mentions_no_refund" time="0.006" /><testcase classname="tests.test_enterprise_features.TestCancellationConfirmationFlow" name="test_cancel_and_disable_paystack_sets_auto_renew_false" time="0.006" /><testcase classname="tests.test_enterprise_features.TestCancellationConfirmationFlow" name="test_cancel_nevermind_callback_edits_message_with_abort_text" time="0.006" /><testcase classname="tests.test_enterprise_features.TestRecurringWebhookEvents" name="test_charge_success_renewal_triggers_dm" time="0.008" /><testcase classname="tests.test_enterprise_features.TestRecurringWebhookEvents" name="test_invoice_payment_failed_downgrades_user" time="0.010" /><testcase classname="tests.test_enterprise_features.TestWaitlistTTL" name="test_check_waitlist_skips_when_vip_at_capacity" time="0.007" /><testcase classname="tests.test_enterprise_features.TestWaitlistTTL" name="test_check_waitlist_sets_24h_invite_ttl" time="0.011" /><testcase classname="tests.test_enterprise_features.TestWaitlistTTL" name="test_monitor_expired_invites_resets_columns_and_sends_dm" time="0.006" /><testcase classname="tests.test_enterprise_features.TestWaitlistTTL" name="test_monitor_expired_invites_skips_already_upgraded_user" time="0.005" /><testcase classname="tests.test_enterprise_features.TestPlanCodeInjection" name="test_checkout_with_plan_code_sends_plan_key" time="0.007" /><testcase classname="tests.test_enterprise_features.TestPlanCodeInjection" name="test_checkout_without_plan_code_sends_amount_key" time="0.010" /><testcase classname="tests.test_execution_safety.TestExecutionSafety" name="test_copy_alias_routes_to_live_execution_in_both_mode" time="0.041" /><testcase classname="tests.test_execution_safety.TestExecutionSafety" name="test_mt5_router_rejects_invalid_short_stop_direction" time="0.033" /><testcase classname="tests.test_execution_safety.TestExecutionSafety" name="test_mt5_router_rejects_missing_hard_stop" time="0.031" /><testcase classname="tests.test_execution_safety.TestExecutionSafety" name="test_signals_only_never_executes_paper_or_live" time="0.025" /><testcase classname="tests.test_expectancy_gate" name="test_get_live_expectancy_good" time="0.006" /><testcase classname="tests.test_expectancy_gate" name="test_get_live_expectancy_bad" time="0.006" /><testcase classname="tests.test_expectancy_gate" name="test_expectancy_gate_pass" time="0.003" /><testcase classname="tests.test_expectancy_gate" name="test_expectancy_gate_block" time="0.003" /><testcase classname="tests.test_fetcher.FetcherTest" name="test_get_candles_crypto_single_provider" time="0.004" /><testcase classname="tests.test_fetcher.FetcherTest" name="test_get_candles_handles_exception" time="0.006" /><testcase classname="tests.test_fetcher_async.TestAsyncFetcher" name="test_all_provider_failures_do_not_break_asset_loop" time="0.007" /><testcase classname="tests.test_fetcher_async.TestAsyncFetcher" name="test_async_get_candles_all_providers_empty" time="0.006" /><testcase classname="tests.test_fetcher_async.TestAsyncFetcher" name="test_async_get_candles_crypto_fallback_chain_binance_403_bybit_timeout_cryptocompare_success" time="0.003" /><testcase classname="tests.test_fetcher_async.TestAsyncFetcher" name="test_async_get_candles_success" time="0.003" /><testcase classname="tests.test_fetcher_async.TestAsyncFetcher" name="test_binance_market_data_is_opt_in" time="0.004" /><testcase classname="tests.test_fetcher_async.TestAsyncFetcher" name="test_crypto_market_data_skips_yfinance_and_returns_provider_timeframes" time="4.107" /><testcase classname="tests.test_fetcher_async.TestAsyncFetcher" name="test_crypto_registry_prefers_railway_safe_public_providers" time="0.001" /><testcase classname="tests.test_fetcher_async.TestAsyncFetcher" name="test_provider_health_snapshot_tracks_latency_and_error_rate" time="0.001" /><testcase classname="tests.test_fetcher_async.TestAsyncFetcher" name="test_provider_preference_alias_matches_connector_suffix" time="0.001" /><testcase classname="tests.test_fibonacci_helpers" name="test_golden_pocket_inside_and_tolerance" time="0.001" /><testcase classname="tests.test_formatter_delivery_pressure" name="test_owner_low_score_is_not_silently_filtered" time="0.002" /><testcase classname="tests.test_formatter_delivery_pressure" name="test_formatter_returns_safe_fallback_when_rich_formatter_is_empty" time="0.001" /><testcase classname="tests.test_formatter_delivery_pressure" name="test_formatter_fails_only_when_required_trade_fields_are_missing" time="0.001" /><testcase classname="tests.test_formatter_delivery_pressure" name="test_formatter_failed_is_a_terminal_resend_state" time="0.001" /><testcase classname="tests.test_formatter_delivery_pressure" name="test_disabled_decision_log_never_opens_db_session" time="0.003" /><testcase classname="tests.test_formatter_delivery_pressure" name="test_noncritical_session_drops_immediately_when_gate_is_saturated" time="0.003" /><testcase classname="tests.test_formatter_delivery_pressure" name="test_configured_crypto_provider_order" time="0.001" /><testcase classname="tests.test_formatter_delivery_pressure" name="test_configured_crypto_order_beats_health_reordering" time="0.005" /><testcase classname="tests.test_formatter_delivery_pressure" name="test_gemini_429_is_fail_open_degraded" time="0.005" /><testcase classname="tests.test_formatter_delivery_pressure" name="test_cycle_progress_and_scheduler_stagger_are_observable" time="0.010" /><testcase classname="tests.test_free_provider_microstructure" name="test_order_book_normalizes_bybit_public_payload" time="0.005" /><testcase classname="tests.test_free_provider_microstructure" name="test_funding_rate_uses_bybit_without_api_key" time="0.003" /><testcase classname="tests.test_governance_docs" name="test_required_governance_documents_are_present_and_valid" time="0.008" /><testcase classname="tests.test_governance_docs" name="test_governance_index_links_every_required_document" time="0.002" /><testcase classname="tests.test_governance_docs" name="test_technical_debt_register_uses_phase16_schema" time="0.001" /><testcase classname="tests.test_help_menu_cache" name="test_get_help_message_uses_cache" time="0.002" /><testcase classname="tests.test_imp_strategy" name="test_imp_generates_long_signal_on_valid_setup" time="0.003" /><testcase classname="tests.test_imp_strategy" name="test_imp_blocks_fx_outside_overlap" time="0.002" /><testcase classname="tests.test_imp_strategy" name="test_imp_allows_london_session_when_configured" time="0.004" /><testcase classname="tests.test_indices_asset_support" name="test_index_symbols_are_first_class_assets" time="0.001" /><testcase classname="tests.test_indices_asset_support" name="test_index_provider_contract_is_not_stock_routing" time="0.001" /><testcase classname="tests.test_indices_asset_support" name="test_index_market_hours_supports_cfd_and_cash_modes" time="0.008" /><testcase classname="tests.test_indices_asset_support" name="test_index_discovery_bucket_is_included" time="0.004" /><testcase classname="tests.test_indices_asset_support" name="test_index_engine_and_risk_contracts" time="0.001" /><testcase classname="tests.test_live_production_evidence" name="test_wilson_interval_for_sparse_sample_is_wide" time="0.001" /><testcase classname="tests.test_live_production_evidence" name="test_wilson_interval_empty_sample_returns_zero_bounds" time="0.001" /><testcase classname="tests.test_live_production_evidence" name="test_asset_class_aliases_supported_markets" time="0.001" /><testcase classname="tests.test_macro_flow" name="test_macro_flow_into_extract_features" time="0.001" /><testcase classname="tests.test_market_data_routing" name="test_crypto_only_mode_filters_non_crypto" time="0.002" /><testcase classname="tests.test_market_data_routing" name="test_asset_classes_enabled_crypto_filters_non_crypto" time="0.001" /><testcase classname="tests.test_market_data_routing" name="test_stablecoin_trade_pairs_are_excluded" time="0.002" /><testcase classname="tests.test_market_data_routing" name="test_crypto_required_timeframes_ignore_optional_failures" time="0.001" /><testcase classname="tests.test_market_data_routing" name="test_market_data_asset_count_uses_required_crypto_timeframes" time="0.001" /><testcase classname="tests.test_market_data_routing" name="test_cycle_queue_prunes_assets_removed_by_runtime_gate" time="0.002" /><testcase classname="tests.test_market_data_routing" name="test_fresh_exchange_data_beats_stale_crypto_cache" time="0.008" /><testcase classname="tests.test_market_monitor_regressions" name="test_no_trade_alert_rate_limit_accepts_aware_last_alert_time" time="0.001" /><testcase classname="tests.test_market_state.MarketStateTests" name="test_get_market_state_basic" time="0.004" /><testcase classname="tests.test_market_state.MarketStateTests" name="test_get_market_state_with_ml" time="0.005" /><testcase classname="tests.test_migration_revision_ids" name="test_db_migration_revision_ids_fit_alembic_version_column" time="0.009" /><testcase classname="tests.test_ml_registry.TestModelRegistry" name="test_integrity_detects_hash_mismatch" time="0.005" /><testcase classname="tests.test_ml_registry.TestModelRegistry" name="test_integrity_passes_for_repo_model" time="0.003" /><testcase classname="tests.test_ml_registry.TestModelRegistry" name="test_load_model_with_metadata" time="0.013" /><testcase classname="tests.test_ml_schema_evolution.TestMLSchemaVersioning" name="test_inference_reads_schema_version_without_crashing" time="0.019" /><testcase classname="tests.test_ml_schema_evolution.TestMLSchemaVersioning" name="test_legacy_model_b64_field_is_supported" time="0.002" /><testcase classname="tests.test_ml_schema_evolution.TestMLSchemaVersioning" name="test_migrate_feature_payload_fills_missing_with_zero" time="0.001" /><testcase classname="tests.test_ml_schema_evolution.TestMLSchemaVersioning" name="test_normalize_model_payload_adds_defaults" time="0.002" /><testcase classname="tests.test_monolith_hardening_defaults.TestMonolithHardeningDefaults" name="test_db_engine_singleton_per_process" time="0.003" /><testcase classname="tests.test_monolith_hardening_defaults.TestMonolithHardeningDefaults" name="test_db_pool_defaults_are_hardened" time="0.013" /><testcase classname="tests.test_monolith_hardening_defaults.TestMonolithHardeningDefaults" name="test_db_pool_disable_railway_cap_requires_uncapped_override" time="0.015" /><testcase classname="tests.test_monolith_hardening_defaults.TestMonolithHardeningDefaults" name="test_db_pool_is_capped_on_railway" time="0.020" /><testcase classname="tests.test_monolith_hardening_defaults.TestMonolithHardeningDefaults" name="test_db_pool_is_capped_with_railway_project_marker" time="0.011" /><testcase classname="tests.test_monolith_hardening_defaults.TestMonolithHardeningDefaults" name="test_outcome_tracker_default_interval_is_20s" time="0.003" /><testcase classname="tests.test_monolith_hardening_defaults.TestMonolithHardeningDefaults" name="test_railway_absolute_pool_cap_overrides_bad_railway_cap_env" time="0.005"><failure message="AssertionError: 2 != 8">tests\test_monolith_hardening_defaults.py:139: in test_railway_absolute_pool_cap_overrides_bad_railway_cap_env
    self.assertEqual(kwargs.get("pool_size"), 8)
E   AssertionError: 2 != 8</failure></testcase><testcase classname="tests.test_monolith_hardening_defaults.TestMonolithHardeningDefaults" name="test_run_startup_ops_auto_migrate_default_is_disabled" time="0.090" /><testcase classname="tests.test_monolith_hardening_defaults.TestMonolithHardeningDefaults" name="test_signal_dedup_window_is_one_hour" time="0.001" /><testcase classname="tests.test_mt5_link_state_contract" name="test_mt5_link_status_distinguishes_saved_credentials_from_execution_ready" time="0.003" /><testcase classname="tests.test_mt5_link_state_contract" name="test_trading_mode_falls_back_to_mt5_credentials_table" time="0.002" /><testcase classname="tests.test_news_intelligence" name="test_news_assessment_deduplicates_and_flags_uncertain_single_source" time="0.002" /><testcase classname="tests.test_news_intelligence" name="test_news_assessment_allows_reliable_low_impact_context" time="0.002" /><testcase classname="tests.test_news_x_sentiment.TestNewsXSentiment" name="test_fetch_news_headlines_uses_x_bearer" time="0.005" /><testcase classname="tests.test_news_x_sentiment.TestNewsXSentiment" name="test_fetch_news_headlines_without_x_token_skips_x_for_non_crypto" time="0.005" /><testcase classname="tests.test_news_x_sentiment.TestNewsXSentiment" name="test_x_failure_falls_back_to_cryptocompare" time="0.005" /><testcase classname="tests.test_onchain_providers" name="test_onchain_payload_normalization" time="0.001" /><testcase classname="tests.test_onchain_providers" name="test_fetch_onchain_context_fails_open_without_endpoints" time="0.004" /><testcase classname="tests.test_onchain_providers" name="test_extract_features_includes_onchain_fields" time="0.001" /><testcase classname="tests.test_onchain_providers" name="test_onchain_alpha_vetoes_long_on_exchange_inflow_spike" time="0.003" /><testcase classname="tests.test_orderbook_fills" name="test_orderbook_partial_consumption" time="0.011" /><testcase classname="tests.test_orderbook_loader" name="test_normalize_top_of_book_and_convert" time="0.003"><error message="failed on setup with &quot;PermissionError: [WinError 5] Access is denied: 'C:\\Users\\sammm\\AppData\\Local\\Temp\\pytest-of-Theophilus'&quot;">..\..\AppData\Roaming\Python\Python313\site-packages\pytest_asyncio\plugin.py:926: in pytest_fixture_setup
    return (yield)
            ^^^^^
E   PermissionError: [WinError 5] Access is denied: 'C:\\Users\\sammm\\AppData\\Local\\Temp\\pytest-of-Theophilus'</error></testcase><testcase classname="tests.test_outcome_delivery_contract" name="test_expire_job_excludes_unresolved_tracked_states" time="0.006" /><testcase classname="tests.test_outcome_delivery_contract" name="test_outcome_notification_idempotency_wired_in_pg_features" time="0.003" /><testcase classname="tests.test_outcome_delivery_contract" name="test_realtime_tracker_queues_and_delivers_from_db_state" time="0.002" /><testcase classname="tests.test_outcome_delivery_contract" name="test_signal_delivery_contract_requires_successful_delivery_rows" time="0.011" /><testcase classname="tests.test_outcome_integration_multi_tp" name="test_long_signal_progresses_to_tp3_with_synthetic_candles" time="0.001" /><testcase classname="tests.test_outcome_integration_multi_tp" name="test_long_signal_hits_sl_after_entry_with_synthetic_candles" time="0.001" /><testcase classname="tests.test_paper_ledger_exits.TestPaperLedgerExits" name="test_long_stop_loss_hit_below_entry" time="0.025" /><testcase classname="tests.test_paper_ledger_exits.TestPaperLedgerExits" name="test_long_take_profit_hit" time="0.035" /><testcase classname="tests.test_paper_ledger_exits.TestPaperLedgerExits" name="test_short_stop_loss_hit_above_entry" time="0.023" /><testcase classname="tests.test_paper_ledger_exits.TestPaperLedgerExits" name="test_short_take_profit_hit" time="0.023" /><testcase classname="tests.test_payments" name="test_payments" time="0.001" /><testcase classname="tests.test_paystack_webhook.TestPaystackWebhook" name="test_accepts_valid_signature_payments_disabled" time="0.089" /><testcase classname="tests.test_paystack_webhook.TestPaystackWebhook" name="test_idempotent_replay_returns_idempotent_flag" time="0.129" /><testcase classname="tests.test_paystack_webhook.TestPaystackWebhook" name="test_rejects_missing_signature" time="0.074" /><testcase classname="tests.test_phase4_pass1_live_validation" name="test_time_to_telegraph_blocks_queue_expired" time="0.003" /><testcase classname="tests.test_phase4_pass1_live_validation" name="test_time_to_telegraph_allows_fresh_signal" time="0.001" /><testcase classname="tests.test_phase4_pass1_live_validation" name="test_live_price_provider_routing_stock_not_fx" time="0.004" /><testcase classname="tests.test_phase4_pass1_live_validation" name="test_rich_message_builder_uses_table_and_details" time="0.003" /><testcase classname="tests.test_phase4_pass1_quote_contract" name="test_final_quote_policy_enforces_asset_source_age_ceiling[crypto-10.0-10.001]" time="0.002" /><testcase classname="tests.test_phase4_pass1_quote_contract" name="test_final_quote_policy_enforces_asset_source_age_ceiling[fx-15.0-15.001]" time="0.001" /><testcase classname="tests.test_phase4_pass1_quote_contract" name="test_final_quote_policy_enforces_asset_source_age_ceiling[commodity-15.0-15.001]" time="0.001" /><testcase classname="tests.test_phase4_pass1_quote_contract" name="test_final_quote_policy_enforces_asset_source_age_ceiling[stock-30.0-30.001]" time="0.001" /><testcase classname="tests.test_phase4_pass1_quote_contract" name="test_final_quote_policy_enforces_asset_source_age_ceiling[index-30.0-30.001]" time="0.002" /><testcase classname="tests.test_phase4_pass1_quote_contract" name="test_previous_close_is_analysis_only_at_final_send" time="0.001" /><testcase classname="tests.test_phase4_pass1_quote_contract" name="test_db_tick_without_source_timestamp_is_rejected" time="0.001" /><testcase classname="tests.test_phase4_pass1_quote_contract" name="test_untrusted_provider_evidence_fails_closed[changes0-provider_health:]" time="0.001" /><testcase classname="tests.test_phase4_pass1_quote_contract" name="test_untrusted_provider_evidence_fails_closed[changes1-provider_breaker:]" time="0.001" /><testcase classname="tests.test_phase4_pass1_quote_contract" name="test_untrusted_provider_evidence_fails_closed[changes2-confidence_too_low:]" time="0.001" /><testcase classname="tests.test_phase4_pass1_quote_contract" name="test_closed_market_blocks_otherwise_trusted_quote" time="0.001" /><testcase classname="tests.test_phase4_pass1_quote_contract" name="test_cross_provider_divergence_blocks_quote" time="0.001" /><testcase classname="tests.test_phase4_pass1_quote_contract" name="test_instrument_registry_covers_required_asset_classes" time="0.001" /><testcase classname="tests.test_phase4_pass1_quote_contract" name="test_canonical_market_calendar_boundaries[BTCUSDT-when0-True-24_7]" time="0.002" /><testcase classname="tests.test_phase4_pass1_quote_contract" name="test_canonical_market_calendar_boundaries[EURUSD-when1-False-Saturday]" time="0.002" /><testcase classname="tests.test_phase4_pass1_quote_contract" name="test_canonical_market_calendar_boundaries[EURUSD-when2-True-open]" time="0.001" /><testcase classname="tests.test_phase4_pass1_quote_contract" name="test_canonical_market_calendar_boundaries[XAUUSD-when3-False-maintenance]" time="0.002" /><testcase classname="tests.test_phase4_pass1_quote_contract" name="test_canonical_market_calendar_boundaries[AAPL-when4-True-open]" time="0.001" /><testcase classname="tests.test_phase4_pass1_quote_contract" name="test_canonical_market_calendar_boundaries[AAPL-when5-True-open]" time="0.002" /><testcase classname="tests.test_phase4_pass1_quote_contract" name="test_canonical_market_calendar_boundaries[AAPL-when6-False-holiday]" time="0.002" /><testcase classname="tests.test_phase4_pass1_quote_contract" name="test_canonical_market_calendar_boundaries[US500-when7-False-Sunday]" time="0.002" /><testcase classname="tests.test_phase4_pass1_quote_contract" name="test_canonical_market_calendar_boundaries[US500-when8-True-open]" time="0.002" /><testcase classname="tests.test_phase4_pass1_quote_contract" name="test_final_validation_accepts_trusted_fresh_quote_and_records_provenance" time="0.004" /><testcase classname="tests.test_phase4_pass1_quote_contract" name="test_final_validation_ignores_cached_price_and_rejects_stale_provider_quote" time="0.004" /><testcase classname="tests.test_phase4_pass1_quote_contract" name="test_final_validation_rejects_invalid_risk_geometry" time="0.004" /><testcase classname="tests.test_phase4_pass1_quote_contract" name="test_versioned_default_drift_limits_are_always_active" time="0.001" /><testcase classname="tests.test_phase4_pass1_quote_contract" name="test_yahoo_previous_close_payload_is_typed_as_analysis_only" time="0.004" /><testcase classname="tests.test_phase4_pass1_quote_contract" name="test_binance_adapter_preserves_source_time_and_bid_ask" time="0.004" /><testcase classname="tests.test_phase4_pass1_quote_contract" name="test_price_result_exposes_typed_terminal_failure" time="0.003" /><testcase classname="tests.test_phase4_pass2_db_priority_and_command_speed" name="test_two_connection_budget_preserves_both_foreground_lanes" time="0.001" /><testcase classname="tests.test_phase4_pass2_db_priority_and_command_speed" name="test_session_pressure_admits_interactive_and_critical_while_shedding_analytics" time="0.004" /><testcase classname="tests.test_phase4_pass2_db_priority_and_command_speed" name="test_analytics_runs_only_when_operational_lanes_are_idle" time="0.001" /><testcase classname="tests.test_phase4_pass2_db_priority_and_command_speed" name="test_cancelled_admission_wait_does_not_leak_active_capacity" time="0.057" /><testcase classname="tests.test_phase4_pass2_db_priority_and_command_speed" name="test_async_admission_cancellation_releases_any_late_acquire" time="0.094" /><testcase classname="tests.test_phase4_pass2_db_priority_and_command_speed" name="test_priority_api_rejects_ambiguous_legacy_combinations" time="0.002" /><testcase classname="tests.test_phase4_pass2_db_priority_and_command_speed" name="test_priority_timeouts_and_role_application_name" time="0.003" /><testcase classname="tests.test_phase4_pass2_db_priority_and_command_speed" name="test_command_response_cache_expires_and_evicts_oldest_entry" time="0.005" /><testcase classname="tests.test_phase4_pass2_db_priority_and_command_speed" name="test_command_acknowledgement_answers_callback_immediately" time="0.004" /><testcase classname="tests.test_phase4_pass2_db_priority_and_command_speed" name="test_active_command_wrapper_acknowledges_before_handler" time="0.006" /><testcase classname="tests.test_phase4_pass2_db_priority_and_command_speed" name="test_command_audit_is_scheduled_without_delaying_handler" time="0.005" /><testcase classname="tests.test_phase4_pass2_db_priority_and_command_speed" name="test_signals_command_returns_cached_response_when_db_is_busy" time="0.005" /><testcase classname="tests.test_phase4_pass3_delivery_reliability" name="test_channel_scoped_idempotency_key_uses_exact_contract" time="0.001" /><testcase classname="tests.test_phase4_pass3_delivery_reliability" name="test_delivery_state_is_monotonic_and_transmission_is_not_blindly_retried" time="0.001" /><testcase classname="tests.test_phase4_pass3_delivery_reliability" name="test_receipt_stash_round_trip_and_acknowledgement" time="0.009" /><testcase classname="tests.test_phase4_pass3_delivery_reliability" name="test_telegram_timeout_is_ambiguous_and_never_retried" time="0.004" /><testcase classname="tests.test_phase4_pass3_delivery_reliability" name="test_delivery_boundary_timeout_leaves_sending_state_without_second_send" time="0.004" /><testcase classname="tests.test_phase4_pass3_delivery_reliability" name="test_late_failure_cannot_overwrite_confirmed_database_proof" time="0.004" /><testcase classname="tests.test_phase4_pass3_delivery_reliability" name="test_confirmation_atomically_saves_active_message_pointer" time="0.007" /><testcase classname="tests.test_phase4_pass3_delivery_reliability" name="test_accepted_send_survives_db_failure_and_reconciles" time="0.006" /><testcase classname="tests.test_phase4_pass4_outcome_tracker_redesign" name="test_canonical_lifecycle_normalizes_all_legacy_vocabularies" time="0.001" /><testcase classname="tests.test_phase4_pass4_outcome_tracker_redesign" name="test_lifecycle_graph_allows_forward_progress_and_blocks_downgrade" time="0.001" /><testcase classname="tests.test_phase4_pass4_outcome_tracker_redesign" name="test_outcome_projection_accepts_replay_but_rejects_reordering" time="0.001" /><testcase classname="tests.test_phase4_pass4_outcome_tracker_redesign" name="test_transition_service_locks_before_monotonic_event_commit" time="0.005" /><testcase classname="tests.test_phase4_pass4_outcome_tracker_redesign" name="test_quote_batch_fetches_each_unique_asset_once" time="0.005" /><testcase classname="tests.test_phase4_pass4_outcome_tracker_redesign" name="test_typed_quote_rejects_stale_provider_observation" time="0.004" /><testcase classname="tests.test_phase4_pass4_outcome_tracker_redesign" name="test_provider_outage_does_not_mutate_lifecycle_or_outcome" time="0.005" /><testcase classname="tests.test_phase4_pass4_outcome_tracker_redesign" name="test_one_quote_can_advance_tp1_tp2_tp3_in_ledger_order" time="0.007" /><testcase classname="tests.test_phase4_pass4_outcome_tracker_redesign" name="test_replayed_lower_tp_does_not_downgrade_or_repersist" time="0.004" /><testcase classname="tests.test_phase4_pass4_outcome_tracker_redesign" name="test_lifecycle_replay_repairs_lagging_outcome_projection" time="0.006" /><testcase classname="tests.test_phase4_pass4_outcome_tracker_redesign" name="test_versioned_snapshot_round_trip_and_next_target" time="0.004" /><testcase classname="tests.test_phase4_pass4_outcome_tracker_redesign" name="test_check_outcome_callback_uses_snapshot_before_database" time="0.009" /><testcase classname="tests.test_phase4_pass5_tier_policy_and_upgrade_ux" name="test_canonical_tier_matrix_and_legacy_adapters_match[FREE]" time="0.002" /><testcase classname="tests.test_phase4_pass5_tier_policy_and_upgrade_ux" name="test_canonical_tier_matrix_and_legacy_adapters_match[PREMIUM]" time="0.002" /><testcase classname="tests.test_phase4_pass5_tier_policy_and_upgrade_ux" name="test_canonical_tier_matrix_and_legacy_adapters_match[VIP]" time="0.002" /><testcase classname="tests.test_phase4_pass5_tier_policy_and_upgrade_ux" name="test_canonical_tier_matrix_and_legacy_adapters_match[ADMIN]" time="0.001" /><testcase classname="tests.test_phase4_pass5_tier_policy_and_upgrade_ux" name="test_canonical_tier_matrix_and_legacy_adapters_match[OWNER]" time="0.001" /><testcase classname="tests.test_phase4_pass5_tier_policy_and_upgrade_ux" name="test_every_registered_command_uses_the_canonical_matrix" time="0.009" /><testcase classname="tests.test_phase4_pass5_tier_policy_and_upgrade_ux" name="test_every_registered_button_uses_the_canonical_feature_matrix" time="0.008" /><testcase classname="tests.test_phase4_pass5_tier_policy_and_upgrade_ux" name="test_no_tier_can_bypass_any_safety_gate[FREE]" time="0.001" /><testcase classname="tests.test_phase4_pass5_tier_policy_and_upgrade_ux" name="test_no_tier_can_bypass_any_safety_gate[PREMIUM]" time="0.001" /><testcase classname="tests.test_phase4_pass5_tier_policy_and_upgrade_ux" name="test_no_tier_can_bypass_any_safety_gate[VIP]" time="0.001" /><testcase classname="tests.test_phase4_pass5_tier_policy_and_upgrade_ux" name="test_no_tier_can_bypass_any_safety_gate[ADMIN]" time="0.001" /><testcase classname="tests.test_phase4_pass5_tier_policy_and_upgrade_ux" name="test_no_tier_can_bypass_any_safety_gate[OWNER]" time="0.001" /><testcase classname="tests.test_phase4_pass5_tier_policy_and_upgrade_ux" name="test_upgrade_reason_and_event_are_value_led_and_auditable" time="0.001" /><testcase classname="tests.test_phase4_pass5_tier_policy_and_upgrade_ux" name="test_signal_formatting_obeys_depth_and_execution_preflight_contract" time="0.002" /><testcase classname="tests.test_phase4_pass5_tier_policy_and_upgrade_ux" name="test_delivery_projection_and_outcomes_follow_canonical_depth" time="0.002" /><testcase classname="tests.test_phase4_pass6_security_api_payments" name="test_web_app_is_asgi_and_exposes_versioned_api" time="0.007" /><testcase classname="tests.test_phase4_pass6_security_api_payments" name="test_broker_permission_validation_rejects_unknown_provider" time="0.008" /><testcase classname="tests.test_phase4_pass6_security_api_payments" name="test_missing_api_key_is_401" time="0.020" /><testcase classname="tests.test_phase4_pass6_security_api_payments" name="test_payments_are_disabled_without_explicit_flag" time="0.001" /><testcase classname="tests.test_phase4_pass6_security_api_payments" name="test_paystack_signature_uses_runtime_secret" time="0.001" /><testcase classname="tests.test_phase4_pass6_security_api_payments" name="test_secret_redaction_does_not_leak_nested_values" time="0.003" /><testcase classname="tests.test_phase4_pass7_runtime_roles" name="test_parse_run_mode_accepts_canonical_roles_and_legacy_aliases" time="0.001" /><testcase classname="tests.test_phase4_pass7_runtime_roles" name="test_parse_run_mode_rejects_unknown_role" time="0.001" /><testcase classname="tests.test_phase4_pass7_runtime_roles" name="test_infer_run_mode_preserves_engine_default_and_service_mapping" time="0.001" /><testcase classname="tests.test_phase4_pass7_runtime_roles" name="test_role_specs_are_explicit" time="0.001" /><testcase classname="tests.test_phase4_pass7_runtime_roles" name="test_role_modules_import_without_starting_work" time="0.010" /><testcase classname="tests.test_phase4_pass7_runtime_roles" name="test_dispatch_uses_lazy_role_adapter" time="0.002" /><testcase classname="tests.test_pipeline" name="test_signal_pipeline" time="0.001" /><testcase classname="tests.test_post_deploy_signal_hardening" name="test_updated_signal_jump_button_uses_url_not_callback" time="0.006" /><testcase classname="tests.test_post_deploy_signal_hardening" name="test_tp_notification_formatter_has_asset_and_ref_fallbacks" time="0.001" /><testcase classname="tests.test_post_deploy_signal_hardening" name="test_ai_review_is_visible_for_vip_signals" time="0.001" /><testcase classname="tests.test_post_deploy_signal_hardening" name="test_quality_gate_blocks_low_gemini_score_when_present" time="0.001" /><testcase classname="tests.test_post_deploy_signal_hardening" name="test_quality_gate_blocks_overextended_display_rr" time="0.001" /><testcase classname="tests.test_post_deploy_signal_hardening" name="test_local_ai_review_fallback_is_visible_for_vip_signals" time="0.001" /><testcase classname="tests.test_post_deploy_signal_hardening" name="test_engine_default_timeframes_cover_1m_to_24h" time="0.002" /><testcase classname="tests.test_post_deploy_signal_hardening" name="test_mt5_trade_callback_attempts_reprovision_before_failing" time="0.006" /><testcase classname="tests.test_price_validator.TestPriceValidator" name="test_check_sl_tp_hit_long_sl_hit" time="0.002" /><testcase classname="tests.test_price_validator.TestPriceValidator" name="test_check_sl_tp_hit_long_tp_hit" time="0.001" /><testcase classname="tests.test_price_validator.TestPriceValidator" name="test_check_sl_tp_hit_no_hit" time="0.001" /><testcase classname="tests.test_price_validator.TestPriceValidator" name="test_check_sl_tp_hit_short_sl_hit" time="0.001" /><testcase classname="tests.test_price_validator.TestPriceValidator" name="test_enrich_signal_with_live_price" time="0.001" /><testcase classname="tests.test_price_validator.TestPriceValidator" name="test_filter_stale_signals" time="0.001" /><testcase classname="tests.test_price_validator.TestPriceValidator" name="test_get_asset_type" time="0.001" /><testcase classname="tests.test_price_validator.TestPriceValidator" name="test_is_signal_fresh_with_fresh_signal" time="0.001" /><testcase classname="tests.test_price_validator.TestPriceValidator" name="test_is_signal_fresh_with_stale_signal" time="0.001" /><testcase classname="tests.test_price_validator.TestPriceValidator" name="test_is_signal_fresh_with_string_timestamp" time="0.001" /><testcase classname="tests.test_price_validator.TestPriceValidator" name="test_is_signal_fresh_without_timestamp" time="0.001" /><testcase classname="tests.test_price_validator.TestPriceValidator" name="test_is_signal_stale_age_check" time="0.002" /><testcase classname="tests.test_production_quality_guard" name="test_production_quality_guard_rejects_weak_fx" time="0.002" /><testcase classname="tests.test_production_quality_guard" name="test_production_quality_guard_rejects_fx_mtf_mismatch" time="0.001" /><testcase classname="tests.test_production_quality_guard" name="test_production_quality_guard_allows_strong_stock" time="0.001" /><testcase classname="tests.test_production_quality_guard" name="test_production_quality_guard_rejects_small_account_unfriendly_crypto_stop" time="0.001" /><testcase classname="tests.test_production_quality_guard" name="test_production_quality_guard_rejects_roi_chasing_extreme_rr" time="0.002" /><testcase classname="tests.test_production_quality_guard" name="test_production_quality_guard_rejects_low_confluence_when_present" time="0.001" /><testcase classname="tests.test_production_quality_guard" name="test_production_quality_guard_uses_trade_profile_rr_for_atr_day_signals" time="0.001" /><testcase classname="tests.test_production_quality_guard" name="test_production_quality_guard_env_can_keep_profile_rr_strict" time="0.001" /><testcase classname="tests.test_production_readiness_check" name="test_offline_production_readiness_checks_pass" time="0.017" /><testcase classname="tests.test_production_readiness_check" name="test_readiness_check_reports_named_checks" time="0.019" /><testcase classname="tests.test_providers_proxy" name="test_binance_ccxt_uses_http_proxy" time="0.002" /><testcase classname="tests.test_proxy_manager" name="test_proxy_manager_round_robin_async" time="0.004" /><testcase classname="tests.test_railway_lifecycle.TestRailwayLifecycle" name="test_bot_background_scheduler_shut_down_during_lifespan_shutdown" time="0.035" /><testcase classname="tests.test_railway_lifecycle.TestRailwayLifecycle" name="test_bot_scheduler_job_defaults_coalesce_and_misfire_grace_time" time="0.094" /><testcase classname="tests.test_railway_lifecycle.TestRailwayLifecycle" name="test_build_scheduler_registers_expected_jobs" time="0.084" /><testcase classname="tests.test_railway_lifecycle.TestRailwayLifecycle" name="test_stop_telegram_bot_deletes_webhook_when_enabled" time="0.035" /><testcase classname="tests.test_railway_lifecycle.TestRailwayLifecycle" name="test_webhook_route_queues_when_bot_not_ready" time="0.029" /><testcase classname="tests.test_railway_lifecycle.TestRailwayLifecycle" name="test_webhook_route_registered_in_railway_main_app" time="0.035" /><testcase classname="tests.test_railway_lifecycle.TestRailwayLifecycle" name="test_webhook_route_returns_queue_full" time="0.032" /><testcase classname="tests.test_railway_monolith_contract.RailwayMonolithContractTests" name="test_health_and_ready_endpoints" time="1.980" /><testcase classname="tests.test_railway_no_redis.TestNoRedisRuntimeState" name="test_killswitch_fallback_memory_roundtrip" time="0.907" /><testcase classname="tests.test_railway_no_redis.TestNoRedisRuntimeState" name="test_rate_limit_fallback_works_without_pg_or_redis" time="1.499" /><testcase classname="tests.test_railway_no_redis.TestRailwayWebhookNoRedis" name="test_webhook_queues_updates_while_bot_initializes" time="0.028" /><testcase classname="tests.test_railway_redis_queue.TestRailwayRedisQueue" name="test_telegram_webhook_route_uses_redis_backend" time="0.004" /><testcase classname="tests.test_ranking_weights.TestRankingWeights" name="test_rank_signals_uses_live_strategy_weight" time="0.001" /><testcase classname="tests.test_realtime_outcome_delivery_tier_gates" name="test_realtime_outcome_delivery_has_tp_tier_gate_rules" time="0.002" /><testcase classname="tests.test_realtime_outcome_tp_tiers" name="test_free_tp_message_contains_suggested_sl_guidance" time="0.001" /><testcase classname="tests.test_realtime_outcome_tp_tiers" name="test_premium_tp2_message_contains_lock_gains_suggestion" time="0.001" /><testcase classname="tests.test_realtime_outcome_tp_tiers" name="test_vip_tp3_message_contains_trail_tight_suggestion" time="0.001" /><testcase classname="tests.test_realtime_outcome_tracker_user_perf_ids.TestRealtimeOutcomeTrackerPerformanceIds" name="test_check_all_updates_performance_by_telegram_user_id" time="0.056" /><testcase classname="tests.test_redis_webhook_queue" name="test_webhook_queue_roundtrip_with_redis_client_stub" time="0.001" /><testcase classname="tests.test_risk_dynamic" name="test_calculate_position_size" time="0.001" /><testcase classname="tests.test_risk_dynamic" name="test_soft_throttle_active" time="0.001" /><testcase classname="tests.test_risk_dynamic" name="test_hard_stop_active" time="0.002" /><testcase classname="tests.test_risk_dynamic" name="test_get_max_volatility" time="0.001" /><testcase classname="tests.test_risk_dynamic" name="test_risk_check_good" time="0.001" /><testcase classname="tests.test_risk_dynamic" name="test_risk_check_low_expectancy" time="0.002" /><testcase classname="tests.test_risk_dynamic" name="test_risk_check_low_expectancy_hard_block" time="0.001" /><testcase classname="tests.test_risk_dynamic" name="test_risk_check_high_vol" time="0.001" /><testcase classname="tests.test_risk_dynamic" name="test_calculate_dynamic_risk" time="0.001" /><testcase classname="tests.test_risk_dynamic" name="test_position_size_bounds" time="0.001" /><testcase classname="tests.test_risk_dynamic" name="test_asset_class_detection" time="0.001" /><testcase classname="tests.test_risk_dynamic" name="test_asset_class_risk_sizing_changes_by_market_type" time="0.002" /><testcase classname="tests.test_runtime_log_regressions" name="test_ml_training_clips_extreme_r_and_preserves_raw_value" time="0.006" /><testcase classname="tests.test_runtime_log_regressions" name="test_ml_training_accepts_missing_r_without_format_error" time="0.004" /><testcase classname="tests.test_runtime_log_regressions" name="test_telegram_background_task_exception_is_consumed" time="0.004" /><testcase classname="tests.test_runtime_log_regressions" name="test_lifecycle_blocks_tp_and_sl_before_entry" time="0.001" /><testcase classname="tests.test_runtime_log_regressions" name="test_buy_and_sell_lifecycle_transitions" time="0.001" /><testcase classname="tests.test_runtime_log_regressions" name="test_tp1_then_break_even_is_protected_exit" time="0.001" /><testcase classname="tests.test_runtime_log_regressions" name="test_expiry_before_entry_is_missed_entry_not_loss" time="0.001" /><testcase classname="tests.test_runtime_log_regressions" name="test_event_notification_schema_is_idempotent_per_recipient" time="0.001" /><testcase classname="tests.test_runtime_log_regressions" name="test_timezone_display_uses_receiver_zone" time="0.003" /><testcase classname="tests.test_runtime_log_regressions" name="test_okx_normalized_candles_are_usable_market_data" time="0.001" /><testcase classname="tests.test_runtime_log_regressions" name="test_okx_adapter_normalizes_provider_rows" time="0.003" /><testcase classname="tests.test_scheduler_registration_contract" name="test_legacy_scheduler_registration_skips_when_canonical_jobs_exist" time="0.006" /><testcase classname="tests.test_score_calibration" name="test_score_signal_soft_caps_instead_of_flattening_to_100" time="0.001" /><testcase classname="tests.test_score_calibration" name="test_signal_display_score_prefers_calibrated_primary_score" time="0.001" /><testcase classname="tests.test_score_calibration" name="test_signal_display_score_falls_back_when_primary_missing" time="0.001" /><testcase classname="tests.test_score_calibration" name="test_resolve_score_percent_prefers_calibrated_and_avoids_exact_100" time="0.001" /><testcase classname="tests.test_score_calibration" name="test_engine_cycle_log_reports_display_and_raw_scores" time="0.003" /><testcase classname="tests.test_signal_charts" name="test_render_signal_chart_returns_png_bytes" time="0.144" /><testcase classname="tests.test_signal_dedup_rules" name="test_get_or_create_signal_blocks_when_asset_is_already_open" time="0.548" /><testcase classname="tests.test_signal_dedup_rules" name="test_get_or_create_signal_reuses_nearby_entry_within_buffer" time="0.004" /><testcase classname="tests.test_signal_dedup_rules" name="test_get_or_create_signal_clears_orphan_redis_active_trade" time="0.006" /><testcase classname="tests.test_signal_deduplicator.TestSignalDeduplicator" name="test_dedupe_batch_keeps_best_representative" time="0.003" /><testcase classname="tests.test_signal_deduplicator.TestSignalDeduplicator" name="test_semantic_similarity_matches_nearby_entry_same_direction" time="0.001" /><testcase classname="tests.test_signal_deduplicator.TestSignalDeduplicator" name="test_semantic_similarity_rejects_opposite_direction" time="0.001" /><testcase classname="tests.test_signal_delivery_ack" name="test_fresh_signal_returns_telegram_ack" time="0.326" /><testcase classname="tests.test_signal_delivery_ack" name="test_signal_without_telegram_message_id_cannot_be_confirmed" time="0.268" /><testcase classname="tests.test_signal_delivery_ack" name="test_gemini_recommendations_are_normalized" time="0.001" /><testcase classname="tests.test_signal_explainability" name="test_build_signal_explanation_exposes_reasoning" time="0.001" /><testcase classname="tests.test_signal_explainability" name="test_vip_formatter_includes_why_block" time="0.002" /><testcase classname="tests.test_signal_explainability" name="test_vip_formatter_never_leaves_why_blank" time="0.001" /><testcase classname="tests.test_signal_explainability" name="test_webhook_payload_carries_explanation_metadata" time="0.002" /><testcase classname="tests.test_signal_fingerprint" name="test_signal_fingerprint_includes_candle_timestamp" time="0.001" /><testcase classname="tests.test_signal_lock_contract" name="test_signal_lock_returns_true_when_redis_key_exists" time="0.594" /><testcase classname="tests.test_signal_lock_contract" name="test_signal_lock_returns_false_when_redis_key_missing" time="0.004" /><testcase classname="tests.test_signal_visibility_and_proof_quality" name="test_signals_command_uses_unresolved_received_signals_for_free_users" time="0.002"><failure message="assert 'list_unresolved_signals_for_user' in ' show last 5 delivered signals from today\n    if tier_rank(tier) &lt; tier_rank(&quot;PREMIUM&quot;):\n        try:\n            ...pt Exception as e:\n            _audit_logger.error(f&quot;signals_command FREE tier error for {user_id}: {e}&quot;)\n    \n    '">tests\test_signal_visibility_and_proof_quality.py:11: in test_signals_command_uses_unresolved_received_signals_for_free_users
    assert "list_unresolved_signals_for_user" in free_branch
E   assert 'list_unresolved_signals_for_user' in ' show last 5 delivered signals from today\n    if tier_rank(tier) &lt; tier_rank("PREMIUM"):\n        try:\n            ...pt Exception as e:\n            _audit_logger.error(f"signals_command FREE tier error for {user_id}: {e}")\n    \n    '</failure></testcase><testcase classname="tests.test_signal_visibility_and_proof_quality" name="test_unresolved_signal_lookup_does_not_hide_received_signals_with_stale_flags" time="0.003" /><testcase classname="tests.test_signal_visibility_and_proof_quality" name="test_leaderboard_requires_positive_expectancy_before_publishing" time="0.008" /><testcase classname="tests.test_single_service_defaults.TestLoopDefaults" name="test_engine_default_is_off_with_railway_service_name" time="0.002" /><testcase classname="tests.test_single_service_defaults.TestLoopDefaults" name="test_engine_default_is_on_without_railway_env" time="0.002" /><testcase classname="tests.test_single_service_defaults.TestLoopDefaults" name="test_engine_explicit_one_enables_engine" time="0.002" /><testcase classname="tests.test_single_service_defaults.TestLoopDefaults" name="test_worker_default_is_off_with_railway_service_name" time="0.002" /><testcase classname="tests.test_single_service_defaults.TestLoopDefaults" name="test_worker_default_is_on_without_railway_env" time="0.002" /><testcase classname="tests.test_single_service_defaults.TestLoopDefaults" name="test_worker_explicit_one_enables_worker" time="0.002" /><testcase classname="tests.test_single_service_defaults.TestLoopDefaults" name="test_worker_explicit_zero_disables_worker" time="0.002" /><testcase classname="tests.test_single_service_defaults.TestOutcomeTrackerDefault" name="test_default_is_on" time="0.002" /><testcase classname="tests.test_single_service_defaults.TestOutcomeTrackerDefault" name="test_default_is_on_on_railway" time="0.002" /><testcase classname="tests.test_single_service_defaults.TestOutcomeTrackerDefault" name="test_explicit_zero_disables_tracker" time="0.002" /><testcase classname="tests.test_single_service_defaults.TestTierGatedDistribution" name="test_admin_receives_all_signals" time="0.002" /><testcase classname="tests.test_single_service_defaults.TestTierGatedDistribution" name="test_free_accepts_at_threshold_boundary" time="0.002" /><testcase classname="tests.test_single_service_defaults.TestTierGatedDistribution" name="test_free_receives_high_score_signal" time="0.002" /><testcase classname="tests.test_single_service_defaults.TestTierGatedDistribution" name="test_free_rejects_below_threshold" time="0.002" /><testcase classname="tests.test_single_service_defaults.TestTierGatedDistribution" name="test_free_stricter_than_premium" time="0.002" /><testcase classname="tests.test_single_service_defaults.TestTierGatedDistribution" name="test_no_higher_tier_leak_to_free" time="0.001" /><testcase classname="tests.test_single_service_defaults.TestTierGatedDistribution" name="test_premium_receives_high_score" time="0.002" /><testcase classname="tests.test_single_service_defaults.TestTierGatedDistribution" name="test_premium_receives_moderate_score_signal" time="0.001" /><testcase classname="tests.test_single_service_defaults.TestTierGatedDistribution" name="test_premium_rejects_below_threshold" time="0.001" /><testcase classname="tests.test_single_service_defaults.TestTierGatedDistribution" name="test_vip_accepts_quality_signal" time="0.002" /><testcase classname="tests.test_single_service_defaults.TestTierGatedDistribution" name="test_vip_rejects_below_threshold" time="0.001" /><testcase classname="tests.test_single_service_defaults.TestMinimalSchedulerJobList" name="test_expire_job_in_minimal_mode_job_list" time="0.006" /><testcase classname="tests.test_storage_priority_hardening" name="test_noncritical_session_drops_while_critical_active" time="0.005" /><testcase classname="tests.test_storage_priority_hardening" name="test_worker_shadow_tracker_env_alias" time="0.008" /><testcase classname="tests.test_storage_priority_hardening" name="test_signal_store_timeout_env_is_used" time="0.002" /><testcase classname="tests.test_storage_priority_hardening" name="test_bot_background_flags_present" time="0.002"><failure message="UnicodeDecodeError: 'charmap' codec can't decode byte 0x8d in position 67114: character maps to &lt;undefined&gt;">tests\test_storage_priority_hardening.py:45: in test_bot_background_flags_present
    text = Path("signalrank_telegram/bot.py").read_text()
           ^^^^^^^^^^^^^^^^^^^^^^^^^^^^^^^^^^^^^^^^^^^^^^
C:\Python313\Lib\pathlib\_local.py:546: in read_text
    return PathBase.read_text(self, encoding, errors, newline)
           ^^^^^^^^^^^^^^^^^^^^^^^^^^^^^^^^^^^^^^^^^^^^^^^^^^^
C:\Python313\Lib\pathlib\_abc.py:633: in read_text
    return f.read()
           ^^^^^^^^
C:\Python313\Lib\encodings\cp1252.py:23: in decode
    return codecs.charmap_decode(input,self.errors,decoding_table)[0]
           ^^^^^^^^^^^^^^^^^^^^^^^^^^^^^^^^^^^^^^^^^^^^^^^^^^^^^^^
E   UnicodeDecodeError: 'charmap' codec can't decode byte 0x8d in position 67114: character maps to &lt;undefined&gt;</failure></testcase><testcase classname="tests.test_strategies.TestCommodityStrategy" name="test_generate_no_data" time="0.002" /><testcase classname="tests.test_strategies.TestCommodityStrategy" name="test_generate_simple_long" time="0.001" /><testcase classname="tests.test_strategy_runner.StrategyRunnerTests" name="test_runner_invokes_strategy" time="0.007" /><testcase classname="tests.test_strategy_runner_async.AsyncRunnerTests" name="test_async_runner_calls_strategy" time="0.042" /><testcase classname="tests.test_telemetry" name="test_prometheus_metrics_text_contains_observations" time="0.008" /><testcase classname="tests.test_telemetry" name="test_prometheus_endpoint_exposes_text_metrics" time="0.016" /><testcase classname="tests.test_tick_liquidity" name="test_tick_partial_fill_simulation" time="0.006" /><testcase classname="tests.test_time_stop_outcome_persistence" name="test_parse_tp_levels_supports_dict_entries" time="0.001" /><testcase classname="tests.test_time_stop_outcome_persistence" name="test_persist_outcome_maps_time_stop_channels" time="0.006" /><testcase classname="tests.test_time_stop_outcome_persistence" name="test_persist_outcome_counts_tp1_as_partial_win" time="0.006" /><testcase classname="tests.test_timeutils.TimeutilsTest" name="test_now_utc_naive" time="0.012" /><testcase classname="tests.test_timeutils.TimeutilsTest" name="test_to_naive_aware" time="0.013" /><testcase classname="tests.test_timezone_and_performance_v2" name="test_timezone_aliases_and_iana_names_resolve" time="0.007" /><testcase classname="tests.test_timezone_and_performance_v2" name="test_location_coordinates_are_private_by_default" time="0.005" /><testcase classname="tests.test_timezone_and_performance_v2" name="test_travel_mode_refresh_is_due_only_for_stale_auto_users" time="0.002" /><testcase classname="tests.test_timezone_and_performance_v2" name="test_timezone_display_feature_flag_forces_utc" time="0.003" /><testcase classname="tests.test_timezone_and_performance_v2" name="test_timezone_handlers_and_settings_navigation_are_registered" time="0.020" /><testcase classname="tests.test_timezone_and_performance_v2" name="test_timezone_migration_and_performance_v2_contracts" time="0.009" /><testcase classname="tests.test_trade_tracker.TestTradeTracker" name="test_add_trade" time="0.886" /><testcase classname="tests.test_trade_tracker.TestTradeTracker" name="test_add_trade_deduplicates_signal_id" time="0.487" /><testcase classname="tests.test_trade_tracker.TestTradeTracker" name="test_get_current_price_backoff_after_failure" time="1.457" /><testcase classname="tests.test_trade_tracker.TestTradeTracker" name="test_get_current_price_skips_when_market_closed" time="0.435" /><testcase classname="tests.test_trade_tracker.TestTradeTracker" name="test_open_trades_clears_stale_cache_when_state_empty" time="5.395" /><testcase classname="tests.test_trade_tracker.TestTradeTracker" name="test_price_hit_sl_long" time="0.003" /><testcase classname="tests.test_trade_tracker.TestTradeTracker" name="test_price_hit_sl_short" time="0.002" /><testcase classname="tests.test_trade_tracker.TestTradeTracker" name="test_price_hit_tp_long" time="0.002" /><testcase classname="tests.test_trade_tracker.TestTradeTracker" name="test_price_hit_tp_short" time="0.002" /><testcase classname="tests.test_trade_tracker.TestTradeTracker" name="test_price_hit_tp_uses_batched_market_data" time="0.002" /><testcase classname="tests.test_trade_tracker.TestTradeTracker" name="test_trade_record_creation_basic" time="0.001" /><testcase classname="tests.test_trade_tracker.TestTradeTracker" name="test_trade_record_creation_multiple_targets" time="0.001" /><testcase classname="tests.test_trade_tracker.TestTradeTracker" name="test_update_trade_outcomes_no_hit" time="1.176" /><testcase classname="tests.test_trade_tracker.TestTradeTracker" name="test_update_trade_outcomes_partial_tp" time="1.459" /><testcase classname="tests.test_trade_tracker.TestTradeTracker" name="test_update_trade_outcomes_sl" time="1.727" /><testcase classname="tests.test_trade_tracker.TestTradeTracker" name="test_update_trade_outcomes_tp" time="1.535" /><testcase classname="tests.test_trader_profiles_and_platform_reliability" name="test_trade_profile_shapes_intraday_targets_and_expiry" time="0.001" /><testcase classname="tests.test_trader_profiles_and_platform_reliability" name="test_signal_profile_filter_matches_user_intent" time="0.001" /><testcase classname="tests.test_trader_profiles_and_platform_reliability" name="test_engine_delivery_filters_profile_before_telegram_dispatch" time="0.004"><failure message="assert 'sent_count = await dispatch_signals_async' in '#!/usr/bin/env python3\n&quot;&quot;&quot;\nRefactored and fixed main engine loop for SignalRankAI.\n- Cleans up control flow and in...== \'__main__\':\n    logging.basicConfig(level=logging.INFO)\n    main_loop(DRY_RUN=(_env_bool(\'DRY_RUN\', True)))\n'">tests\test_trader_profiles_and_platform_reliability.py:49: in test_engine_delivery_filters_profile_before_telegram_dispatch
    assert "sent_count = await dispatch_signals_async" in source
E   assert 'sent_count = await dispatch_signals_async' in '#!/usr/bin/env python3\n"""\nRefactored and fixed main engine loop for SignalRankAI.\n- Cleans up control flow and in...== \'__main__\':\n    logging.basicConfig(level=logging.INFO)\n    main_loop(DRY_RUN=(_env_bool(\'DRY_RUN\', True)))\n'</failure></testcase><testcase classname="tests.test_trader_profiles_and_platform_reliability" name="test_resend_path_is_profile_aware_and_reports_skips" time="0.006" /><testcase classname="tests.test_trader_profiles_and_platform_reliability" name="test_signal_rows_persist_profile_routing_metadata" time="0.004" /><testcase classname="tests.test_trader_profiles_and_platform_reliability" name="test_delivery_recipients_and_outcomes_only_use_actual_sends" time="0.006" /><testcase classname="tests.test_trader_profiles_and_platform_reliability" name="test_trading_ledger_transition_contract" time="0.003" /><testcase classname="tests.test_trader_profiles_and_platform_reliability" name="test_command_wrapper_has_timeout_reference_and_db_pressure_handling" time="0.006" /><testcase classname="tests.test_trader_profiles_and_platform_reliability" name="test_db_health_and_profile_commands_are_registered_and_helped" time="0.011" /><testcase classname="tests.test_trader_profiles_and_platform_reliability" name="test_signal_all_is_fast_usage_reply" time="0.004" /><testcase classname="tests.test_trader_profiles_and_platform_reliability" name="test_broadcast_and_terms_do_not_report_zero_sent_as_success" time="0.005" /><testcase classname="tests.test_trader_profiles_and_platform_reliability" name="test_tier_delivery_does_not_create_unmanaged_async_session" time="0.006" /><testcase classname="tests.test_trader_profiles_and_platform_reliability" name="test_db_health_command_formats_pool_snapshot" time="0.234" /><testcase classname="tests.test_trading_ecosystem_intelligence" name="test_asset_registry_classifies_indices_and_builds_provider_routes" time="4.754" /><testcase classname="tests.test_trading_ecosystem_intelligence" name="test_mtf_consensus_marks_ltf_sell_inside_htf_buy_as_pullback" time="0.006" /><testcase classname="tests.test_trading_ecosystem_intelligence" name="test_market_intelligence_scores_session_and_tradability" time="0.006" /><testcase classname="tests.test_trading_ecosystem_intelligence" name="test_user_preferences_and_tier_policy_gate_delivery" time="0.005" /><testcase classname="tests.test_trading_ecosystem_intelligence" name="test_opportunity_engine_and_mission_control_outputs" time="0.007" /><testcase classname="tests.test_trading_ecosystem_intelligence" name="test_trading_intelligence_enrichment_adds_required_fields" time="0.004" /><testcase classname="tests.test_trading_ecosystem_intelligence" name="test_mission_command_and_intelligence_flags_are_registered" time="0.009" /><testcase classname="tests.test_volume_delta" name="test_calculate_volume_delta_simple" time="0.002" /><testcase classname="tests.test_web_api_tokens.TestWebApiTokens" name="test_rotate_and_revoke_token" time="0.037"><failure message="AssertionError: 401 not found in {200, 503}">tests\test_web_api_tokens.py:23: in test_rotate_and_revoke_token
    self.assertIn(rotate.status_code, {200, 503})
E   AssertionError: 401 not found in {200, 503}</failure></testcase><testcase classname="tests.test_wfo_train" name="test_wfo_train_and_predict" time="0.005" /><testcase classname="tests.test_yfinance_integration.TestYfinanceIntegration" name="test_convert_to_yfinance_symbol_commodity" time="0.001" /><testcase classname="tests.test_yfinance_integration.TestYfinanceIntegration" name="test_convert_to_yfinance_symbol_crypto" time="0.002" /><testcase classname="tests.test_yfinance_integration.TestYfinanceIntegration" name="test_convert_to_yfinance_symbol_fx" time="0.001" /><testcase classname="tests.test_yfinance_integration.TestYfinanceIntegration" name="test_convert_to_yfinance_symbol_stock" time="0.001" /><testcase classname="tests.test_yfinance_integration.TestYfinanceIntegration" name="test_fetch_via_yfinance_empty_response" time="0.004" /><testcase classname="tests.test_yfinance_integration.TestYfinanceIntegration" name="test_fetch_via_yfinance_exception" time="0.003" /><testcase classname="tests.test_yfinance_integration.TestYfinanceIntegration" name="test_fetch_via_yfinance_success" time="0.014" /><testcase classname="tests.test_yfinance_integration.TestYfinanceIntegration" name="test_get_realtime_price_failure" time="2.049" /><testcase classname="tests.test_yfinance_integration.TestYfinanceIntegration" name="test_get_realtime_price_fallback_to_binance" time="0.002" /><testcase classname="tests.test_yfinance_integration.TestYfinanceIntegration" name="test_get_realtime_price_success" time="0.004" /></testsuite></testsuites>